#
# A fatal error has been detected by the Java Runtime Environment:
#
#  SIGSEGV (0xb) at pc=0xb65fd375, pid=5886, tid=3057059584
#
# JRE version: 6.0_27-b27
# Java VM: OpenJDK Server VM (20.0-b12 mixed mode, sharing linux-x86 )
# Derivative: IcedTea6 1.12.6
# Distribution: Ubuntu 12.04 LTS, package 6b27-1.12.6-1ubuntu0.12.04.4
# Problematic frame:
# C  [libstdc++.so.6+0x92375]  std::basic_string<char, std::char_traits<char>, std::allocator<char> >::basic_string(std::string const&)+0x15
#
# If you would like to submit a bug report, please include
# instructions how to reproduce the bug and visit:
#   https://bugs.launchpad.net/ubuntu/+source/openjdk-6/
# The crash happened outside the Java Virtual Machine in native code.
# See problematic frame for where to report the bug.
#

---------------  T H R E A D  ---------------

Current thread (0x08437000):  JavaThread "main" [_thread_in_native, id=5886, stack(0xbfe8a000,0xbfeda000)]

siginfo:si_signo=SIGSEGV: si_errno=0, si_code=1 (SEGV_MAPERR), si_addr=0x2d202c32

Registers:
EAX=0x2d202c36, EBX=0xb6647ff4, ECX=0xbfed69e0, EDX=0xbfed68f4
ESP=0xbfed63a0, EBP=0xbfed6b98, ESI=0x00000000, EDI=0x00000000
EIP=0xb65fd375, EFLAGS=0x00010292, CR2=0x2d202c32

Top of Stack: (sp=0xbfed63a0)
0xbfed63a0:   00000000 000224be bfed63c8 0807d161
0xbfed63b0:   bfed6454 bfed68f0 bfed69e0 de973400
0xbfed63c0:   00000000 000224be 000224be 0806b6fb
0xbfed63d0:   bfed69b4 bfed6908 bfed69e0 00000000
0xbfed63e0:   00000000 00000000 00000000 00000000
0xbfed63f0:   00000000 084b3670 0844cdd0 b63ed5e9
0xbfed6400:   00000001 bfed672c b651c440 b661451f
0xbfed6410:   00000000 00000000 bfed6438 0806472c 

Instructions: (pc=0xb65fd375)
0xb65fd355:   90 90 90 90 90 90 90 90 90 90 90 53 83 ec 28 8b
0xb65fd365:   44 24 34 e8 7a 41 fb ff 81 c3 87 ac 04 00 8b 00
0xb65fd375:   8b 50 fc 8d 48 f4 85 d2 78 19 3b 8b a4 fc ff ff
0xb65fd385:   75 34 8b 54 24 30 89 02 83 c4 28 5b c3 8d b6 00 

Register to memory mapping:

EAX=0x2d202c36 is an unknown value
EBX=0xb6647ff4: <offset 0xdcff4> in /usr/lib/i386-linux-gnu/libstdc++.so.6 at 0xb656b000
ECX=0xbfed69e0 is pointing into the stack for thread: 0x08437000
EDX=0xbfed68f4 is pointing into the stack for thread: 0x08437000
ESP=0xbfed63a0 is pointing into the stack for thread: 0x08437000
EBP=0xbfed6b98 is pointing into the stack for thread: 0x08437000
ESI=0x00000000 is an unknown value
EDI=0x00000000 is an unknown value


Stack: [0xbfe8a000,0xbfeda000],  sp=0xbfed63a0,  free space=304k
Native frames: (J=compiled Java code, j=interpreted, Vv=VM code, C=native code)
C  [libstdc++.so.6+0x92375]  std::basic_string<char, std::char_traits<char>, std::allocator<char> >::basic_string(std::string const&)+0x15
C  [sigserver+0x273e1]  _ZNKSt9basic_iosIcSt11char_traitsIcEE4failEv@@GLIBCXX_3.4+0x273e1
C  [sigserver+0x2ec5c]  _ZNKSt9basic_iosIcSt11char_traitsIcEE4failEv@@GLIBCXX_3.4+0x2ec5c
C  [sigserver+0x3c375]  _ZNKSt9basic_iosIcSt11char_traitsIcEE4failEv@@GLIBCXX_3.4+0x3c375


---------------  P R O C E S S  ---------------

Java Threads: ( => current thread )
  0x084f7800 JavaThread "Low Memory Detector" daemon [_thread_blocked, id=5894, stack(0xb1dc9000,0xb1e1a000)]
  0x084f5800 JavaThread "C2 CompilerThread1" daemon [_thread_blocked, id=5893, stack(0xb1e1a000,0xb1e9b000)]
  0x084f4000 JavaThread "C2 CompilerThread0" daemon [_thread_blocked, id=5892, stack(0xb232e000,0xb23af000)]
  0x084ca000 JavaThread "Signal Dispatcher" daemon [_thread_blocked, id=5891, stack(0xb23af000,0xb2400000)]
  0x084bfc00 JavaThread "Finalizer" daemon [_thread_blocked, id=5890, stack(0xb2502000,0xb2553000)]
  0x084b0400 JavaThread "Reference Handler" daemon [_thread_blocked, id=5889, stack(0xb2553000,0xb25a4000)]
=>0x08437000 JavaThread "main" [_thread_in_native, id=5886, stack(0xbfe8a000,0xbfeda000)]

Other Threads:
  0x08449400 VMThread [stack: 0xb25a4000,0xb2625000] [id=5888]
  0x084f9400 WatcherThread [stack: 0xb1d48000,0xb1dc9000] [id=5895]

VM state:not at safepoint (normal execution)

VM Mutex/Monitor currently owned by a thread: None

Heap
 def new generation   total 5888K, used 3428K [0x6a140000, 0x6a7a0000, 0x74890000)
  eden space 5248K,  53% used [0x6a140000, 0x6a3f9138, 0x6a660000)
  from space 640K, 100% used [0x6a700000, 0x6a7a0000, 0x6a7a0000)
  to   space 640K,   0% used [0x6a660000, 0x6a660000, 0x6a700000)
 tenured generation   total 12972K, used 11027K [0x74890000, 0x7553b000, 0x89740000)
   the space 12972K,  85% used [0x74890000, 0x75354c48, 0x75354e00, 0x7553b000)
 compacting perm gen  total 16384K, used 2512K [0x89740000, 0x8a740000, 0x91740000)
   the space 16384K,  15% used [0x89740000, 0x899b4290, 0x899b4400, 0x8a740000)
    ro space 10240K,  74% used [0x91740000, 0x91ea8b40, 0x91ea8c00, 0x92140000)
    rw space 12288K,  60% used [0x92140000, 0x9288ee48, 0x9288f000, 0x92d40000)

Code Cache  [0xb2aa9000, 0xb2ce9000, 0xb5aa9000)
 total_blobs=330 nmethods=213 adapters=71 free_code_cache=49493952 largest_free_block=6784

Dynamic libraries:
08048000-0816d000 r-xp 00000000 08:01 409180     /home/robocup/sigverse-2.2.2/bin/sigserver
0816d000-0816e000 r--p 00124000 08:01 409180     /home/robocup/sigverse-2.2.2/bin/sigserver
0816e000-0816f000 rw-p 00125000 08:01 409180     /home/robocup/sigverse-2.2.2/bin/sigserver
0816f000-0817d000 rw-p 00000000 00:00 0 
083e1000-0c46e000 rw-p 00000000 00:00 0          [heap]
6a140000-6a7a0000 rw-p 00000000 00:00 0 
6a7a0000-74890000 rw-p 00000000 00:00 0 
74890000-7553b000 rw-p 00000000 00:00 0 
7553b000-7569f000 ---p 00000000 00:00 0 
7569f000-89740000 rw-p 00000000 00:00 0 
89740000-8a740000 rw-p 00000000 00:00 0 
8a740000-91740000 rw-p 00000000 00:00 0 
91740000-91ea9000 r--s 00001000 08:01 938309     /usr/lib/jvm/java-6-openjdk-i386/jre/lib/i386/server/classes.jsa
91ea9000-92140000 rw-p 00000000 00:00 0 
92140000-9288f000 rw-p 0076a000 08:01 938309     /usr/lib/jvm/java-6-openjdk-i386/jre/lib/i386/server/classes.jsa
9288f000-92d40000 rw-p 00000000 00:00 0 
92d40000-92e3d000 rw-p 00eb9000 08:01 938309     /usr/lib/jvm/java-6-openjdk-i386/jre/lib/i386/server/classes.jsa
92e3d000-93140000 rw-p 00000000 00:00 0 
93140000-93148000 r-xs 00fb6000 08:01 938309     /usr/lib/jvm/java-6-openjdk-i386/jre/lib/i386/server/classes.jsa
93148000-93540000 rw-p 00000000 00:00 0 
b1500000-b15ee000 rw-p 00000000 00:00 0 
b15ee000-b1600000 ---p 00000000 00:00 0 
b1700000-b17fd000 rw-p 00000000 00:00 0 
b17fd000-b1800000 ---p 00000000 00:00 0 
b1900000-b19fd000 rw-p 00000000 00:00 0 
b19fd000-b1a00000 ---p 00000000 00:00 0 
b1a00000-b1af9000 rw-p 00000000 00:00 0 
b1af9000-b1b00000 ---p 00000000 00:00 0 
b1b00000-b1bf4000 rw-p 00000000 00:00 0 
b1bf4000-b1c00000 ---p 00000000 00:00 0 
b1cb7000-b1cb8000 r--p 00000000 00:00 0 
b1cb8000-b1cb9000 r--s 0000c000 08:01 409355     /home/robocup/sigverse-2.2.2/share/sigverse/jar/xj3d-xml.jar
b1cb9000-b1cba000 r--s 00002000 08:01 409354     /home/robocup/sigverse-2.2.2/share/sigverse/jar/xj3d-xml-util.jar
b1cba000-b1cc2000 r--s 00065000 08:01 409347     /home/robocup/sigverse-2.2.2/share/sigverse/jar/xj3d-ogl.jar
b1cc2000-b1cc9000 r--s 00015000 08:01 409346     /home/robocup/sigverse-2.2.2/share/sigverse/jar/xj3d-norender.jar
b1cc9000-b1ccd000 r--s 00018000 08:01 409344     /home/robocup/sigverse-2.2.2/share/sigverse/jar/xj3d-jsai.jar
b1ccd000-b1ccf000 r--s 00012000 08:01 409342     /home/robocup/sigverse-2.2.2/share/sigverse/jar/xj3d-java-sai.jar
b1ccf000-b1cd1000 r--s 00004000 08:01 409345     /home/robocup/sigverse-2.2.2/share/sigverse/jar/xj3d-net.jar
b1cd1000-b1cda000 r--s 00069000 08:01 409341     /home/robocup/sigverse-2.2.2/share/sigverse/jar/xj3d-j3d.jar
b1cda000-b1cdb000 r--s 00002000 08:01 409340     /home/robocup/sigverse-2.2.2/share/sigverse/jar/xj3d-images.jar
b1cdb000-b1cdf000 r--s 0000a000 08:01 409351     /home/robocup/sigverse-2.2.2/share/sigverse/jar/xj3d-sai.jar
b1cdf000-b1ce2000 r--s 0001a000 08:01 409339     /home/robocup/sigverse-2.2.2/share/sigverse/jar/xj3d-external-sai.jar
b1ce2000-b1ce5000 r--s 00028000 08:01 409338     /home/robocup/sigverse-2.2.2/share/sigverse/jar/xj3d-ecmascript.jar
b1ce5000-b1ce9000 r--s 0001e000 08:01 409337     /home/robocup/sigverse-2.2.2/share/sigverse/jar/xj3d-eai.jar
b1ce9000-b1ceb000 r--s 00005000 08:01 409335     /home/robocup/sigverse-2.2.2/share/sigverse/jar/xj3d-config.jar
b1ceb000-b1ced000 r--s 00008000 08:01 409353     /home/robocup/sigverse-2.2.2/share/sigverse/jar/xj3d-script-base.jar
b1ced000-b1cf0000 r--s 0001d000 08:01 409350     /home/robocup/sigverse-2.2.2/share/sigverse/jar/xj3d-runtime.jar
b1cf0000-b1cf7000 r--s 000fc000 08:01 791636     /usr/lib/jvm/java-6-openjdk-common/jre/lib/resources.jar
b1cf7000-b1cf8000 r--s 00004000 08:01 409343     /home/robocup/sigverse-2.2.2/share/sigverse/jar/xj3d-jaxp.jar
b1cf8000-b1cfa000 r--s 00012000 08:01 409352     /home/robocup/sigverse-2.2.2/share/sigverse/jar/xj3d-sav.jar
b1cfa000-b1d02000 r--s 00029000 08:01 409336     /home/robocup/sigverse-2.2.2/share/sigverse/jar/xj3d-core.jar
b1d02000-b1d06000 r--s 0003d000 08:01 409348     /home/robocup/sigverse-2.2.2/share/sigverse/jar/xj3d-parser.jar
b1d06000-b1d08000 r--s 0000c000 08:01 409349     /home/robocup/sigverse-2.2.2/share/sigverse/jar/xj3d-render.jar
b1d08000-b1d11000 r--s 000cb000 08:01 409334     /home/robocup/sigverse-2.2.2/share/sigverse/jar/xj3d-common.jar
b1d11000-b1d13000 r--s 00045000 08:01 409330     /home/robocup/sigverse-2.2.2/share/sigverse/jar/vecmath.jar
b1d13000-b1d15000 r--s 0000b000 08:01 409329     /home/robocup/sigverse-2.2.2/share/sigverse/jar/uri.jar
b1d15000-b1d17000 r--s 00005000 08:01 409328     /home/robocup/sigverse-2.2.2/share/sigverse/jar/units-0.01.jar
b1d17000-b1d1f000 r--s 0004f000 08:01 409323     /home/robocup/sigverse-2.2.2/share/sigverse/jar/log4j.jar
b1d1f000-b1d48000 r--s 00284000 08:01 409315     /home/robocup/sigverse-2.2.2/share/sigverse/jar/gt2-main.jar
b1d48000-b1d49000 ---p 00000000 00:00 0 
b1d49000-b1dc9000 rw-p 00000000 00:00 0          [stack:5895]
b1dc9000-b1dcc000 ---p 00000000 00:00 0 
b1dcc000-b1e1a000 rw-p 00000000 00:00 0          [stack:5894]
b1e1a000-b1e1d000 ---p 00000000 00:00 0 
b1e1d000-b1e9b000 rw-p 00000000 00:00 0          [stack:5893]
b1e9b000-b2000000 r--p 001c8000 08:01 794589     /usr/lib/locale/locale-archive
b2000000-b2200000 r--p 00000000 08:01 794589     /usr/lib/locale/locale-archive
b2200000-b2221000 rw-p 00000000 00:00 0 
b2221000-b2300000 ---p 00000000 00:00 0 
b2300000-b2303000 r--s 00034000 08:01 409324     /home/robocup/sigverse-2.2.2/share/sigverse/jar/odejava.jar
b2303000-b2305000 r--s 00001000 08:01 409322     /home/robocup/sigverse-2.2.2/share/sigverse/jar/jutils.jar
b2305000-b230b000 r--s 0008c000 08:01 409321     /home/robocup/sigverse-2.2.2/share/sigverse/jar/js.jar
b230b000-b2312000 r--s 00118000 08:01 409320     /home/robocup/sigverse-2.2.2/share/sigverse/jar/jogl.jar
b2312000-b2314000 r--s 00005000 08:01 409319     /home/robocup/sigverse-2.2.2/share/sigverse/jar/joal.jar
b2314000-b2316000 r--s 00008000 08:01 409318     /home/robocup/sigverse-2.2.2/share/sigverse/jar/jinput.jar
b2316000-b231e000 r--s 00063000 08:01 409317     /home/robocup/sigverse-2.2.2/share/sigverse/jar/j3d-org.jar
b231e000-b2321000 r--s 00031000 08:01 409316     /home/robocup/sigverse-2.2.2/share/sigverse/jar/httpclient.jar
b2321000-b232e000 r--s 0002d000 08:01 409313     /home/robocup/sigverse-2.2.2/share/sigverse/jar/geoapi.jar
b232e000-b2331000 ---p 00000000 00:00 0 
b2331000-b23af000 rw-p 00000000 00:00 0          [stack:5892]
b23af000-b23b2000 ---p 00000000 00:00 0 
b23b2000-b2400000 rw-p 00000000 00:00 0          [stack:5891]
b2400000-b24fc000 rw-p 00000000 00:00 0 
b24fc000-b2500000 ---p 00000000 00:00 0 
b2500000-b2501000 r--s 0000a000 08:01 409331     /home/robocup/sigverse-2.2.2/share/sigverse/jar/vlc_uri.jar
b2501000-b2502000 r--s 00005000 08:01 409314     /home/robocup/sigverse-2.2.2/share/sigverse/jar/gnu-regexp-1.0.8.jar
b2502000-b2505000 ---p 00000000 00:00 0 
b2505000-b2553000 rw-p 00000000 00:00 0          [stack:5890]
b2553000-b2556000 ---p 00000000 00:00 0 
b2556000-b25a4000 rw-p 00000000 00:00 0          [stack:5889]
b25a4000-b25a5000 ---p 00000000 00:00 0 
b25a5000-b2625000 rw-p 00000000 00:00 0          [stack:5888]
b2625000-b27b9000 r--s 03822000 08:01 937992     /usr/lib/jvm/java-6-openjdk-i386/jre/lib/rt.jar
b27b9000-b27c2000 rw-p 00000000 00:00 0 
b27c2000-b27fa000 rw-p 00000000 00:00 0 
b27fa000-b2801000 rw-p 00000000 00:00 0 
b2801000-b2802000 ---p 00000000 00:00 0 
b2802000-b28a2000 rw-p 00000000 00:00 0 
b28a2000-b28a6000 rw-p 00000000 00:00 0 
b28a6000-b28f5000 rw-p 00000000 00:00 0 
b28f5000-b28fc000 rw-p 00000000 00:00 0 
b28fc000-b28fd000 ---p 00000000 00:00 0 
b28fd000-b299d000 rw-p 00000000 00:00 0 
b299d000-b29a5000 rw-p 00000000 00:00 0 
b29a5000-b29dd000 rw-p 00000000 00:00 0 
b29dd000-b29f2000 rw-p 00000000 00:00 0 
b29f2000-b2aa9000 rw-p 00000000 00:00 0 
b2aa9000-b2ce9000 rwxp 00000000 00:00 0 
b2ce9000-b5aa9000 rw-p 00000000 00:00 0 
b5aa9000-b5abd000 r-xp 00000000 08:01 2098161    /lib/i386-linux-gnu/libz.so.1.2.3.4
b5abd000-b5abe000 r--p 00013000 08:01 2098161    /lib/i386-linux-gnu/libz.so.1.2.3.4
b5abe000-b5abf000 rw-p 00014000 08:01 2098161    /lib/i386-linux-gnu/libz.so.1.2.3.4
b5abf000-b5ac0000 r--s 00003000 08:01 409312     /home/robocup/sigverse-2.2.2/share/sigverse/jar/dxinput.jar
b5ac0000-b5ac4000 r--s 00039000 08:01 409310     /home/robocup/sigverse-2.2.2/share/sigverse/jar/dis.jar
b5ac4000-b5acd000 r--s 00081000 08:01 409309     /home/robocup/sigverse-2.2.2/share/sigverse/jar/aviatrix3d-all.jar
b5acd000-b5ad2000 r--s 0003c000 08:01 409307     /home/robocup/sigverse-2.2.2/share/sigverse/jar/FastInfoset.jar
b5ad2000-b5ad3000 r--s 00001000 08:01 409332     /home/robocup/sigverse-2.2.2/share/sigverse/jar/xj3d-all.jar
b5ad3000-b5ad6000 r--s 00031000 08:01 791411     /usr/lib/jvm/java-6-openjdk-common/jre/lib/ext/sunjce_provider.jar
b5ad6000-b5ad8000 r--s 0000f000 08:01 791322     /usr/lib/jvm/java-6-openjdk-common/jre/lib/ext/pulse-java.jar
b5ad8000-b5adb000 r--s 00077000 08:01 791393     /usr/lib/jvm/java-6-openjdk-common/jre/lib/ext/localedata.jar
b5adb000-b5add000 r--s 00001000 08:01 791403     /usr/lib/jvm/java-6-openjdk-common/jre/lib/ext/dnsns.jar
b5add000-b5ae8000 r-xp 00000000 08:01 2098101    /lib/i386-linux-gnu/libnss_files-2.15.so
b5ae8000-b5ae9000 r--p 0000a000 08:01 2098101    /lib/i386-linux-gnu/libnss_files-2.15.so
b5ae9000-b5aea000 rw-p 0000b000 08:01 2098101    /lib/i386-linux-gnu/libnss_files-2.15.so
b5aea000-b5af4000 r-xp 00000000 08:01 2098105    /lib/i386-linux-gnu/libnss_nis-2.15.so
b5af4000-b5af5000 r--p 00009000 08:01 2098105    /lib/i386-linux-gnu/libnss_nis-2.15.so
b5af5000-b5af6000 rw-p 0000a000 08:01 2098105    /lib/i386-linux-gnu/libnss_nis-2.15.so
b5af6000-b5b0c000 r-xp 00000000 08:01 2098095    /lib/i386-linux-gnu/libnsl-2.15.so
b5b0c000-b5b0d000 r--p 00015000 08:01 2098095    /lib/i386-linux-gnu/libnsl-2.15.so
b5b0d000-b5b0e000 rw-p 00016000 08:01 2098095    /lib/i386-linux-gnu/libnsl-2.15.so
b5b0e000-b5b10000 rw-p 00000000 00:00 0 
b5b10000-b5b17000 r-xp 00000000 08:01 2098097    /lib/i386-linux-gnu/libnss_compat-2.15.so
b5b17000-b5b18000 r--p 00006000 08:01 2098097    /lib/i386-linux-gnu/libnss_compat-2.15.so
b5b18000-b5b19000 rw-p 00007000 08:01 2098097    /lib/i386-linux-gnu/libnss_compat-2.15.so
b5b19000-b5b1a000 r--s 00004000 08:01 409308     /home/robocup/sigverse-2.2.2/share/sigverse/jar/X3DParser.jar
b5b1a000-b5b1b000 r--s 00007000 08:01 1062977    /usr/share/java/java-atk-wrapper.jar
b5b1b000-b5b1f000 r--s 00039000 08:01 791297     /usr/lib/jvm/java-6-openjdk-common/jre/lib/ext/sunpkcs11.jar
b5b1f000-b5b26000 rw-p 00000000 00:00 0 
b5b26000-b5b2d000 r-xp 00000000 08:01 938020     /usr/lib/jvm/java-6-openjdk-i386/jre/lib/i386/libzip.so
b5b2d000-b5b2e000 r--p 00006000 08:01 938020     /usr/lib/jvm/java-6-openjdk-i386/jre/lib/i386/libzip.so
b5b2e000-b5b2f000 rw-p 00007000 08:01 938020     /usr/lib/jvm/java-6-openjdk-i386/jre/lib/i386/libzip.so
b5b2f000-b5b37000 rw-s 00000000 08:01 2240413    /tmp/hsperfdata_robocup/5886
b5b37000-b5b5d000 r-xp 00000000 08:01 938006     /usr/lib/jvm/java-6-openjdk-i386/jre/lib/i386/libjava.so
b5b5d000-b5b5e000 r--p 00025000 08:01 938006     /usr/lib/jvm/java-6-openjdk-i386/jre/lib/i386/libjava.so
b5b5e000-b5b60000 rw-p 00026000 08:01 938006     /usr/lib/jvm/java-6-openjdk-i386/jre/lib/i386/libjava.so
b5b60000-b5b6b000 r-xp 00000000 08:01 938035     /usr/lib/jvm/java-6-openjdk-i386/jre/lib/i386/libverify.so
b5b6b000-b5b6c000 ---p 0000b000 08:01 938035     /usr/lib/jvm/java-6-openjdk-i386/jre/lib/i386/libverify.so
b5b6c000-b5b6d000 r--p 0000b000 08:01 938035     /usr/lib/jvm/java-6-openjdk-i386/jre/lib/i386/libverify.so
b5b6d000-b5b6e000 rw-p 0000c000 08:01 938035     /usr/lib/jvm/java-6-openjdk-i386/jre/lib/i386/libverify.so
b5b6e000-b5b6f000 ---p 00000000 00:00 0 
b5b6f000-b6372000 rw-p 00000000 00:00 0          [stack:5887]
b6372000-b6375000 r-xp 00000000 08:01 2098063    /lib/i386-linux-gnu/libdl-2.15.so
b6375000-b6376000 r--p 00002000 08:01 2098063    /lib/i386-linux-gnu/libdl-2.15.so
b6376000-b6377000 rw-p 00003000 08:01 2098063    /lib/i386-linux-gnu/libdl-2.15.so
b6377000-b651a000 r-xp 00000000 08:01 2098050    /lib/i386-linux-gnu/libc-2.15.so
b651a000-b651c000 r--p 001a3000 08:01 2098050    /lib/i386-linux-gnu/libc-2.15.so
b651c000-b651d000 rw-p 001a5000 08:01 2098050    /lib/i386-linux-gnu/libc-2.15.so
b651d000-b6521000 rw-p 00000000 00:00 0 
b6521000-b653d000 r-xp 00000000 08:01 2098071    /lib/i386-linux-gnu/libgcc_s.so.1
b653d000-b653e000 r--p 0001b000 08:01 2098071    /lib/i386-linux-gnu/libgcc_s.so.1
b653e000-b653f000 rw-p 0001c000 08:01 2098071    /lib/i386-linux-gnu/libgcc_s.so.1
b653f000-b6569000 r-xp 00000000 08:01 2098082    /lib/i386-linux-gnu/libm-2.15.so
b6569000-b656a000 r--p 00029000 08:01 2098082    /lib/i386-linux-gnu/libm-2.15.so
b656a000-b656b000 rw-p 0002a000 08:01 2098082    /lib/i386-linux-gnu/libm-2.15.so
b656b000-b6643000 r-xp 00000000 08:01 791700     /usr/lib/i386-linux-gnu/libstdc++.so.6.0.16
b6643000-b6644000 ---p 000d8000 08:01 791700     /usr/lib/i386-linux-gnu/libstdc++.so.6.0.16
b6644000-b6648000 r--p 000d8000 08:01 791700     /usr/lib/i386-linux-gnu/libstdc++.so.6.0.16
b6648000-b6649000 rw-p 000dc000 08:01 791700     /usr/lib/i386-linux-gnu/libstdc++.so.6.0.16
b6649000-b6650000 rw-p 00000000 00:00 0 
b6650000-b69ab000 r-xp 00000000 08:01 805332     /usr/lib/libxerces-c-3.1.so
b69ab000-b69ac000 ---p 0035b000 08:01 805332     /usr/lib/libxerces-c-3.1.so
b69ac000-b69b8000 r--p 0035b000 08:01 805332     /usr/lib/libxerces-c-3.1.so
b69b8000-b69da000 rw-p 00367000 08:01 805332     /usr/lib/libxerces-c-3.1.so
b69da000-b6ab8000 r-xp 00000000 08:01 1071970    /usr/local/lib/libode.so.3.0.0
b6ab8000-b6ab9000 ---p 000de000 08:01 1071970    /usr/local/lib/libode.so.3.0.0
b6ab9000-b6aba000 r--p 000de000 08:01 1071970    /usr/local/lib/libode.so.3.0.0
b6aba000-b6abb000 rw-p 000df000 08:01 1071970    /usr/local/lib/libode.so.3.0.0
b6abb000-b6ac0000 rw-p 00000000 00:00 0 
b6ac0000-b6ad7000 r-xp 00000000 08:01 2098130    /lib/i386-linux-gnu/libpthread-2.15.so
b6ad7000-b6ad8000 r--p 00016000 08:01 2098130    /lib/i386-linux-gnu/libpthread-2.15.so
b6ad8000-b6ad9000 rw-p 00017000 08:01 2098130    /lib/i386-linux-gnu/libpthread-2.15.so
b6ad9000-b6ae1000 rw-p 00000000 00:00 0 
b6ae1000-b6ae2000 rw-p 00000000 00:00 0 
b6ae2000-b6ae3000 r--p 00000000 00:00 0 
b6ae3000-b6aea000 r-xp 00000000 08:01 2098136    /lib/i386-linux-gnu/librt-2.15.so
b6aea000-b6aeb000 r--p 00006000 08:01 2098136    /lib/i386-linux-gnu/librt-2.15.so
b6aeb000-b6aec000 rw-p 00007000 08:01 2098136    /lib/i386-linux-gnu/librt-2.15.so
b6aec000-b6aef000 r-xp 00000000 08:01 792075     /usr/lib/i386-linux-gnu/gconv/UTF-16.so
b6aef000-b6af0000 r--p 00002000 08:01 792075     /usr/lib/i386-linux-gnu/gconv/UTF-16.so
b6af0000-b6af1000 rw-p 00003000 08:01 792075     /usr/lib/i386-linux-gnu/gconv/UTF-16.so
b6af1000-b6af8000 r--s 00000000 08:01 792080     /usr/lib/i386-linux-gnu/gconv/gconv-modules.cache
b6af8000-b6af9000 rw-p 00000000 00:00 0 
b6af9000-b7319000 r-xp 00000000 08:01 937999     /usr/lib/jvm/java-6-openjdk-i386/jre/lib/i386/server/libjvm.so
b7319000-b735e000 r--p 0081f000 08:01 937999     /usr/lib/jvm/java-6-openjdk-i386/jre/lib/i386/server/libjvm.so
b735e000-b736d000 rw-p 00864000 08:01 937999     /usr/lib/jvm/java-6-openjdk-i386/jre/lib/i386/server/libjvm.so
b736d000-b7789000 rw-p 00000000 00:00 0 
b7789000-b778a000 r-xp 00000000 00:00 0          [vdso]
b778a000-b77aa000 r-xp 00000000 08:01 2098030    /lib/i386-linux-gnu/ld-2.15.so
b77aa000-b77ab000 r--p 0001f000 08:01 2098030    /lib/i386-linux-gnu/ld-2.15.so
b77ab000-b77ac000 rw-p 00020000 08:01 2098030    /lib/i386-linux-gnu/ld-2.15.so
bfe8a000-bfe8d000 ---p 00000000 00:00 0 
bfe8e000-bfeda000 rw-p 00000000 00:00 0          [stack]

VM Arguments:
jvm_args: -Djava.library.path=/tmp 
java_command: <unknown>
Launcher Type: generic

Environment Variables:
PATH=/opt/ros/hydro/bin:/usr/lib/lightdm/lightdm:/usr/local/sbin:/usr/local/bin:/usr/sbin:/usr/bin:/sbin:/bin:/usr/games:/home/robocup/sigverse-2.2.2/bin:/home/robocup/sigverse-2.2.2/bin
LD_LIBRARY_PATH=/usr/lib/jvm/java-6-openjdk-i386/jre/lib/i386/server:/opt/ros/hydro/lib:/usr/local/lib:/usr/local/lib
SHELL=/bin/bash
DISPLAY=:0

Signal Handlers:
SIGSEGV: [libjvm.so+0x66e740], sa_mask[0]=0x7ffbfeff, sa_flags=0x10000004
SIGBUS: [libjvm.so+0x66e740], sa_mask[0]=0x7ffbfeff, sa_flags=0x10000004
SIGFPE: [libjvm.so+0x530480], sa_mask[0]=0x7ffbfeff, sa_flags=0x10000004
SIGPIPE: [libjvm.so+0x530480], sa_mask[0]=0x7ffbfeff, sa_flags=0x10000004
SIGXFSZ: [libjvm.so+0x530480], sa_mask[0]=0x7ffbfeff, sa_flags=0x10000004
SIGILL: [libjvm.so+0x530480], sa_mask[0]=0x7ffbfeff, sa_flags=0x10000004
SIGUSR1: SIG_DFL, sa_mask[0]=0x00000000, sa_flags=0x00000000
SIGUSR2: [libjvm.so+0x530310], sa_mask[0]=0x00000000, sa_flags=0x10000004
SIGHUP: [libjvm.so+0x5332a0], sa_mask[0]=0x7ffbfeff, sa_flags=0x10000004
SIGINT: [libjvm.so+0x5332a0], sa_mask[0]=0x7ffbfeff, sa_flags=0x10000004
SIGTERM: [libjvm.so+0x5332a0], sa_mask[0]=0x7ffbfeff, sa_flags=0x10000004
SIGQUIT: [libjvm.so+0x5332a0], sa_mask[0]=0x7ffbfeff, sa_flags=0x10000004


---------------  S Y S T E M  ---------------

OS:Ubuntu 12.04 (precise)
uname:Linux 3.8.0-29-generic #42~precise1-Ubuntu SMP Wed Aug 14 15:31:16 UTC 2013 i686
libc:glibc 2.15 NPTL 2.15 
rlimit: STACK 8192k, CORE 0k, NPROC 7892, NOFILE 4096, AS infinity
load average:1.62 1.86 1.67

/proc/meminfo:
MemTotal:        1026588 kB
MemFree:          376960 kB
Buffers:            5844 kB
Cached:           169220 kB
SwapCached:        23968 kB
Active:           210340 kB
Inactive:         384416 kB
Active(anon):     143916 kB
Inactive(anon):   281704 kB
Active(file):      66424 kB
Inactive(file):   102712 kB
Unevictable:          16 kB
Mlocked:              16 kB
HighTotal:        135112 kB
HighFree:           1776 kB
LowTotal:         891476 kB
LowFree:          375184 kB
SwapTotal:       1046524 kB
SwapFree:         972724 kB
Dirty:               140 kB
Writeback:             0 kB
AnonPages:        407996 kB
Mapped:            67284 kB
Shmem:              5852 kB
Slab:              26348 kB
SReclaimable:      14712 kB
SUnreclaim:        11636 kB
KernelStack:        3192 kB
PageTables:         8308 kB
NFS_Unstable:          0 kB
Bounce:                0 kB
WritebackTmp:          0 kB
CommitLimit:     1559816 kB
Committed_AS:    2571912 kB
VmallocTotal:     122880 kB
VmallocUsed:       24776 kB
VmallocChunk:      96452 kB
HardwareCorrupted:     0 kB
AnonHugePages:         0 kB
HugePages_Total:       0
HugePages_Free:        0
HugePages_Rsvd:        0
HugePages_Surp:        0
Hugepagesize:       2048 kB
DirectMap4k:        8184 kB
DirectMap2M:      905216 kB


CPU:total 1 (4 cores per cpu, 1 threads per core) family 6 model 58 stepping 9, cmov, cx8, fxsr, mmx, sse, sse2, sse3, ssse3, sse4.1, sse4.2, popcnt

Memory: 4k page, physical 1026588k(376960k free), swap 1046524k(972724k free)

vm_info: OpenJDK Server VM (20.0-b12) for linux-x86 JRE (1.6.0_27-b27), built on Nov 16 2013 15:21:31 by "buildd" with gcc 4.6.3

time: Mon Apr 21 15:34:19 2014
elapsed time: 9 seconds

